Analysis & Synthesis report for Lab05
Fri Nov 01 17:33:56 2019
Quartus II Version 10.0 Build 218 06/27/2010 SJ Web Edition


---------------------
; Table of Contents ;
---------------------
  1. Legal Notice
  2. Analysis & Synthesis Summary
  3. Analysis & Synthesis Settings
  4. Parallel Compilation
  5. Analysis & Synthesis Source Files Read
  6. Analysis & Synthesis Resource Usage Summary
  7. Analysis & Synthesis Resource Utilization by Entity
  8. General Register Statistics
  9. Analysis & Synthesis Messages



----------------
; Legal Notice ;
----------------
Copyright (C) 1991-2010 Altera Corporation
Your use of Altera Corporation's design tools, logic functions 
and other software and tools, and its AMPP partner logic 
functions, and any output files from any of the foregoing 
(including device programming or simulation files), and any 
associated documentation or information are expressly subject 
to the terms and conditions of the Altera Program License 
Subscription Agreement, Altera MegaCore Function License 
Agreement, or other applicable license agreement, including, 
without limitation, that your use is for the sole purpose of 
programming logic devices manufactured by Altera and sold by 
Altera or its authorized distributors.  Please refer to the 
applicable agreement for further details.



+-------------------------------------------------------------------------------+
; Analysis & Synthesis Summary                                                  ;
+------------------------------------+------------------------------------------+
; Analysis & Synthesis Status        ; Successful - Fri Nov 01 17:33:56 2019    ;
; Quartus II Version                 ; 10.0 Build 218 06/27/2010 SJ Web Edition ;
; Revision Name                      ; Lab05                                    ;
; Top-level Entity Name              ; Lab05                                    ;
; Family                             ; Cyclone IV E                             ;
; Total logic elements               ; 119                                      ;
;     Total combinational functions  ; 119                                      ;
;     Dedicated logic registers      ; 55                                       ;
; Total registers                    ; 55                                       ;
; Total pins                         ; 30                                       ;
; Total virtual pins                 ; 0                                        ;
; Total memory bits                  ; 0                                        ;
; Embedded Multiplier 9-bit elements ; 0                                        ;
; Total PLLs                         ; 0                                        ;
+------------------------------------+------------------------------------------+


+----------------------------------------------------------------------------------------------------------------------+
; Analysis & Synthesis Settings                                                                                        ;
+----------------------------------------------------------------------------+--------------------+--------------------+
; Option                                                                     ; Setting            ; Default Value      ;
+----------------------------------------------------------------------------+--------------------+--------------------+
; Device                                                                     ; EP4CE115F29C7      ;                    ;
; Top-level entity name                                                      ; Lab05              ; Lab05              ;
; Family name                                                                ; Cyclone IV E       ; Stratix II         ;
; Use smart compilation                                                      ; Off                ; Off                ;
; Enable parallel Assembler and TimeQuest Timing Analyzer during compilation ; On                 ; On                 ;
; Enable compact report table                                                ; Off                ; Off                ;
; Restructure Multiplexers                                                   ; Auto               ; Auto               ;
; Create Debugging Nodes for IP Cores                                        ; Off                ; Off                ;
; Preserve fewer node names                                                  ; On                 ; On                 ;
; Disable OpenCore Plus hardware evaluation                                  ; Off                ; Off                ;
; Verilog Version                                                            ; Verilog_2001       ; Verilog_2001       ;
; VHDL Version                                                               ; VHDL_1993          ; VHDL_1993          ;
; State Machine Processing                                                   ; Auto               ; Auto               ;
; Safe State Machine                                                         ; Off                ; Off                ;
; Extract Verilog State Machines                                             ; On                 ; On                 ;
; Extract VHDL State Machines                                                ; On                 ; On                 ;
; Ignore Verilog initial constructs                                          ; Off                ; Off                ;
; Iteration limit for constant Verilog loops                                 ; 5000               ; 5000               ;
; Iteration limit for non-constant Verilog loops                             ; 250                ; 250                ;
; Add Pass-Through Logic to Inferred RAMs                                    ; On                 ; On                 ;
; Parallel Synthesis                                                         ; On                 ; On                 ;
; DSP Block Balancing                                                        ; Auto               ; Auto               ;
; NOT Gate Push-Back                                                         ; On                 ; On                 ;
; Power-Up Don't Care                                                        ; On                 ; On                 ;
; Remove Redundant Logic Cells                                               ; Off                ; Off                ;
; Remove Duplicate Registers                                                 ; On                 ; On                 ;
; Ignore CARRY Buffers                                                       ; Off                ; Off                ;
; Ignore CASCADE Buffers                                                     ; Off                ; Off                ;
; Ignore GLOBAL Buffers                                                      ; Off                ; Off                ;
; Ignore ROW GLOBAL Buffers                                                  ; Off                ; Off                ;
; Ignore LCELL Buffers                                                       ; Off                ; Off                ;
; Ignore SOFT Buffers                                                        ; On                 ; On                 ;
; Limit AHDL Integers to 32 Bits                                             ; Off                ; Off                ;
; Optimization Technique                                                     ; Balanced           ; Balanced           ;
; Carry Chain Length                                                         ; 70                 ; 70                 ;
; Auto Carry Chains                                                          ; On                 ; On                 ;
; Auto Open-Drain Pins                                                       ; On                 ; On                 ;
; Perform WYSIWYG Primitive Resynthesis                                      ; Off                ; Off                ;
; Auto ROM Replacement                                                       ; On                 ; On                 ;
; Auto RAM Replacement                                                       ; On                 ; On                 ;
; Auto DSP Block Replacement                                                 ; On                 ; On                 ;
; Auto Shift Register Replacement                                            ; Auto               ; Auto               ;
; Auto Clock Enable Replacement                                              ; On                 ; On                 ;
; Strict RAM Replacement                                                     ; Off                ; Off                ;
; Allow Synchronous Control Signals                                          ; On                 ; On                 ;
; Force Use of Synchronous Clear Signals                                     ; Off                ; Off                ;
; Auto RAM Block Balancing                                                   ; On                 ; On                 ;
; Auto RAM to Logic Cell Conversion                                          ; Off                ; Off                ;
; Auto Resource Sharing                                                      ; Off                ; Off                ;
; Allow Any RAM Size For Recognition                                         ; Off                ; Off                ;
; Allow Any ROM Size For Recognition                                         ; Off                ; Off                ;
; Allow Any Shift Register Size For Recognition                              ; Off                ; Off                ;
; Use LogicLock Constraints during Resource Balancing                        ; On                 ; On                 ;
; Ignore translate_off and synthesis_off directives                          ; Off                ; Off                ;
; Timing-Driven Synthesis                                                    ; On                 ; On                 ;
; Report Parameter Settings                                                  ; On                 ; On                 ;
; Report Source Assignments                                                  ; On                 ; On                 ;
; Report Connectivity Checks                                                 ; On                 ; On                 ;
; Ignore Maximum Fan-Out Assignments                                         ; Off                ; Off                ;
; Synchronization Register Chain Length                                      ; 2                  ; 2                  ;
; PowerPlay Power Optimization                                               ; Normal compilation ; Normal compilation ;
; HDL message level                                                          ; Level2             ; Level2             ;
; Suppress Register Optimization Related Messages                            ; Off                ; Off                ;
; Number of Removed Registers Reported in Synthesis Report                   ; 5000               ; 5000               ;
; Number of Inverted Registers Reported in Synthesis Report                  ; 100                ; 100                ;
; Clock MUX Protection                                                       ; On                 ; On                 ;
; Auto Gated Clock Conversion                                                ; Off                ; Off                ;
; Block Design Naming                                                        ; Auto               ; Auto               ;
; SDC constraint protection                                                  ; Off                ; Off                ;
; Synthesis Effort                                                           ; Auto               ; Auto               ;
; Shift Register Replacement - Allow Asynchronous Clear Signal               ; On                 ; On                 ;
; Analysis & Synthesis Message Level                                         ; Medium             ; Medium             ;
; Disable Register Merging Across Hierarchies                                ; Auto               ; Auto               ;
; Resource Aware Inference For Block RAM                                     ; On                 ; On                 ;
; Synthesis Seed                                                             ; 1                  ; 1                  ;
+----------------------------------------------------------------------------+--------------------+--------------------+


Parallel compilation was disabled, but you have multiple processors available. Enable parallel compilation to reduce compilation time.
+-------------------------------------+
; Parallel Compilation                ;
+----------------------------+--------+
; Processors                 ; Number ;
+----------------------------+--------+
; Number detected on machine ; 6      ;
; Maximum allowed            ; 1      ;
+----------------------------+--------+


+-----------------------------------------------------------------------------------------------------------------------------------+
; Analysis & Synthesis Source Files Read                                                                                            ;
+----------------------------------+-----------------+------------------------------------+-----------------------------------------+
; File Name with User-Entered Path ; Used in Netlist ; File Type                          ; File Name with Absolute Path            ;
+----------------------------------+-----------------+------------------------------------+-----------------------------------------+
; freq_div_1Hz (1).v               ; yes             ; User Verilog HDL File              ; C:/altera/10.0/Lab05/freq_div_1Hz (1).v ;
; 10bitscounter.bdf                ; yes             ; User Block Diagram/Schematic File  ; C:/altera/10.0/Lab05/10bitscounter.bdf  ;
; Lab05.bdf                        ; yes             ; User Block Diagram/Schematic File  ; C:/altera/10.0/Lab05/Lab05.bdf          ;
; BCDcounter.bdf                   ; yes             ; User Block Diagram/Schematic File  ; C:/altera/10.0/Lab05/BCDcounter.bdf     ;
; Mod6counter.bdf                  ; yes             ; User Block Diagram/Schematic File  ; C:/altera/10.0/Lab05/Mod6counter.bdf    ;
; seg_7.v                          ; yes             ; User Verilog HDL File              ; C:/altera/10.0/Lab05/seg_7.v            ;
+----------------------------------+-----------------+------------------------------------+-----------------------------------------+


+---------------------------------------------------------+
; Analysis & Synthesis Resource Usage Summary             ;
+---------------------------------------------+-----------+
; Resource                                    ; Usage     ;
+---------------------------------------------+-----------+
; Estimated Total logic elements              ; 119       ;
;                                             ;           ;
; Total combinational functions               ; 119       ;
; Logic element usage by number of LUT inputs ;           ;
;     -- 4 input functions                    ; 67        ;
;     -- 3 input functions                    ; 14        ;
;     -- <=2 input functions                  ; 38        ;
;                                             ;           ;
; Logic elements by mode                      ;           ;
;     -- normal mode                          ; 92        ;
;     -- arithmetic mode                      ; 27        ;
;                                             ;           ;
; Total registers                             ; 55        ;
;     -- Dedicated logic registers            ; 55        ;
;     -- I/O registers                        ; 0         ;
;                                             ;           ;
; I/O pins                                    ; 30        ;
; Maximum fan-out node                        ; clk~input ;
; Maximum fan-out                             ; 29        ;
; Total fan-out                               ; 578       ;
; Average fan-out                             ; 2.47      ;
+---------------------------------------------+-----------+


+-------------------------------------------------------------------------------------------------------------------------------------------------------------------------------------------------+
; Analysis & Synthesis Resource Utilization by Entity                                                                                                                                             ;
+----------------------------+-------------------+--------------+-------------+------------+--------------+---------+-----------+------+--------------+----------------------------+--------------+
; Compilation Hierarchy Node ; LC Combinationals ; LC Registers ; Memory Bits ; DSP Blocks ; DSP Elements ; DSP 9x9 ; DSP 18x18 ; Pins ; Virtual Pins ; Full Hierarchy Name        ; Library Name ;
+----------------------------+-------------------+--------------+-------------+------------+--------------+---------+-----------+------+--------------+----------------------------+--------------+
; |Lab05                     ; 119 (3)           ; 55 (0)       ; 0           ; 0          ; 0            ; 0       ; 0         ; 30   ; 0            ; |Lab05                     ;              ;
;    |10bitscounter:inst|    ; 15 (15)           ; 10 (10)      ; 0           ; 0          ; 0            ; 0       ; 0         ; 0    ; 0            ; |Lab05|10bitscounter:inst  ;              ;
;    |BCDcounter:inst40|     ; 6 (6)             ; 4 (4)        ; 0           ; 0          ; 0            ; 0       ; 0         ; 0    ; 0            ; |Lab05|BCDcounter:inst40   ;              ;
;    |BCDcounter:inst42|     ; 6 (6)             ; 4 (4)        ; 0           ; 0          ; 0            ; 0       ; 0         ; 0    ; 0            ; |Lab05|BCDcounter:inst42   ;              ;
;    |Mod6counter:inst41|    ; 6 (6)             ; 4 (4)        ; 0           ; 0          ; 0            ; 0       ; 0         ; 0    ; 0            ; |Lab05|Mod6counter:inst41  ;              ;
;    |Mod6counter:inst43|    ; 6 (6)             ; 4 (4)        ; 0           ; 0          ; 0            ; 0       ; 0         ; 0    ; 0            ; |Lab05|Mod6counter:inst43  ;              ;
;    |freq_div_1KHz:inst3|   ; 49 (49)           ; 29 (29)      ; 0           ; 0          ; 0            ; 0       ; 0         ; 0    ; 0            ; |Lab05|freq_div_1KHz:inst3 ;              ;
;    |seg_7:inst15|          ; 7 (7)             ; 0 (0)        ; 0           ; 0          ; 0            ; 0       ; 0         ; 0    ; 0            ; |Lab05|seg_7:inst15        ;              ;
;    |seg_7:inst1|           ; 7 (7)             ; 0 (0)        ; 0           ; 0          ; 0            ; 0       ; 0         ; 0    ; 0            ; |Lab05|seg_7:inst1         ;              ;
;    |seg_7:inst26|          ; 7 (7)             ; 0 (0)        ; 0           ; 0          ; 0            ; 0       ; 0         ; 0    ; 0            ; |Lab05|seg_7:inst26        ;              ;
;    |seg_7:inst2|           ; 7 (7)             ; 0 (0)        ; 0           ; 0          ; 0            ; 0       ; 0         ; 0    ; 0            ; |Lab05|seg_7:inst2         ;              ;
+----------------------------+-------------------+--------------+-------------+------------+--------------+---------+-----------+------+--------------+----------------------------+--------------+
Note: For table entries with two numbers listed, the numbers in parentheses indicate the number of resources of the given type used by the specific entity alone. The numbers listed outside of parentheses indicate the total resources of the given type used by the specific entity and all of its sub-entities in the hierarchy.


+------------------------------------------------------+
; General Register Statistics                          ;
+----------------------------------------------+-------+
; Statistic                                    ; Value ;
+----------------------------------------------+-------+
; Total registers                              ; 55    ;
; Number of registers using Synchronous Clear  ; 0     ;
; Number of registers using Synchronous Load   ; 0     ;
; Number of registers using Asynchronous Clear ; 26    ;
; Number of registers using Asynchronous Load  ; 0     ;
; Number of registers using Clock Enable       ; 0     ;
; Number of registers using Preset             ; 0     ;
+----------------------------------------------+-------+


+-------------------------------+
; Analysis & Synthesis Messages ;
+-------------------------------+
Info: *******************************************************************
Info: Running Quartus II Analysis & Synthesis
    Info: Version 10.0 Build 218 06/27/2010 SJ Web Edition
    Info: Processing started: Fri Nov 01 17:33:54 2019
Info: Command: quartus_map --read_settings_files=on --write_settings_files=off Lab05 -c Lab05
Info: Found 1 design units, including 1 entities, in source file freq_div_1hz (1).v
    Info: Found entity 1: freq_div_1KHz
Info: Found 1 design units, including 1 entities, in source file 10bitscounter.bdf
    Info: Found entity 1: 10bitscounter
Info: Found 1 design units, including 1 entities, in source file lab05.bdf
    Info: Found entity 1: Lab05
Info: Found 1 design units, including 1 entities, in source file bcdcounter.bdf
    Info: Found entity 1: BCDcounter
Info: Found 1 design units, including 1 entities, in source file mod6counter.bdf
    Info: Found entity 1: Mod6counter
Info: Found 1 design units, including 1 entities, in source file seg_7.v
    Info: Found entity 1: seg_7
Info: Elaborating entity "Lab05" for the top level hierarchy
Warning: Block or symbol "GND" of instance "inst4" overlaps another block or symbol
Warning: Block or symbol "GND" of instance "inst6" overlaps another block or symbol
Warning: Block or symbol "GND" of instance "inst8" overlaps another block or symbol
Warning: Block or symbol "GND" of instance "inst10" overlaps another block or symbol
Warning: Block or symbol "GND" of instance "inst12" overlaps another block or symbol
Warning: Block or symbol "GND" of instance "inst39" overlaps another block or symbol
Warning: Block or symbol "GND" of instance "inst45" overlaps another block or symbol
Warning: Block or symbol "GND" of instance "inst47" overlaps another block or symbol
Warning: Block or symbol "GND" of instance "inst49" overlaps another block or symbol
Warning: Block or symbol "GND" of instance "inst51" overlaps another block or symbol
Warning: Block or symbol "GND" of instance "inst53" overlaps another block or symbol
Warning: Block or symbol "GND" of instance "inst55" overlaps another block or symbol
Warning: Block or symbol "GND" of instance "inst57" overlaps another block or symbol
Info: Elaborating entity "seg_7" for hierarchy "seg_7:inst1"
Info: Elaborating entity "BCDcounter" for hierarchy "BCDcounter:inst40"
Info: Elaborating entity "10bitscounter" for hierarchy "10bitscounter:inst"
Info: Elaborating entity "freq_div_1KHz" for hierarchy "freq_div_1KHz:inst3"
Warning (10230): Verilog HDL assignment warning at freq_div_1Hz (1).v(52): truncated value with size 32 to match size of target (28)
Info: Elaborating entity "Mod6counter" for hierarchy "Mod6counter:inst41"
Info: Timing-Driven Synthesis is running
Info: Generating hard_block partition "hard_block:auto_generated_inst"
Info: Implemented 149 device resources after synthesis - the final resource count might be different
    Info: Implemented 2 input pins
    Info: Implemented 28 output pins
    Info: Implemented 119 logic cells
Info: Quartus II Analysis & Synthesis was successful. 0 errors, 14 warnings
    Info: Peak virtual memory: 290 megabytes
    Info: Processing ended: Fri Nov 01 17:33:56 2019
    Info: Elapsed time: 00:00:02
    Info: Total CPU time (on all processors): 00:00:01


